<?xml version="1.0" encoding="UTF-8" standalone="no"?>
<testsuite errors="0" failures="10" name="io.cucumber.core.plugin.JUnitFormatter" skipped="0" tests="12" time="176.153">
    <testcase classname="Your Name alaninin testi" name="US03_NegativeScenario" time="19.117">
        <failure message="" type="java.lang.AssertionError">
            <![CDATA[Given kullanici sayfaya gider...............................................passed
When kullanici Contact butonuna tiklar......................................passed
Then kullanici Concatct sayfasina yonlendirilir.............................passed
When kullanici yourname "Cahit" alanini doldurur............................passed
When kullanici email "zarifsair" alanina valid deger girer..................passed
When kullanici subject "Java" alanina valid deger  girer....................passed
When kullanici Message "Kaliteli bir egitim aldim" alanina valid deger  girer.passed
When kullanici Send Message alanina tiklar..................................passed
Then kullanici Contact Message Created Created Successfully mesajini goruntulemez.failed
And sayfa kapatilir.........................................................skipped

StackTrace:
java.lang.AssertionError
	at org.junit.Assert.fail(Assert.java:87)
	at org.junit.Assert.assertTrue(Assert.java:42)
	at org.junit.Assert.assertFalse(Assert.java:65)
	at org.junit.Assert.assertFalse(Assert.java:75)
	at stepdefinitions.uidefinitions.US03.kullaniciContactMessageCreatedCreatedSuccessfullyMesajiniGoruntulemez(US03.java:146)
	at ✽.kullanici Contact Message Created Created Successfully mesajini goruntulemez(file:///C:/Users/cvlci/IdeaProjects/CucumberProjectTeam20/./src/test/resources/features/uifeature/US03_2.feature:16)
]]>
        </failure>
    </testcase>
    <testcase classname="Your Name alaninin testi" name="US03_NegativeScenario_2" time="16.444">
        <failure message="" type="java.lang.AssertionError">
            <![CDATA[Given kullanici sayfaya gider...............................................passed
When kullanici Contact butonuna tiklar......................................passed
Then kullanici Concatct sayfasina yonlendirilir.............................passed
When kullanici yourname "Cahit" alanini doldurur............................passed
When kullanici email "zarifsairr@gmail.com" alanina valid deger girer.......passed
When kullanici subject "!" alanina valid deger  girer.......................passed
When kullanici Message "Kaliteli bir egitim aldim" alanina valid deger  girer.passed
When kullanici Send Message alanina tiklar..................................passed
Then kullanici Contact Message Created Created Successfully mesajini goruntulemez.failed
And sayfa kapatilir.........................................................skipped

StackTrace:
java.lang.AssertionError
	at org.junit.Assert.fail(Assert.java:87)
	at org.junit.Assert.assertTrue(Assert.java:42)
	at org.junit.Assert.assertFalse(Assert.java:65)
	at org.junit.Assert.assertFalse(Assert.java:75)
	at stepdefinitions.uidefinitions.US03.kullaniciContactMessageCreatedCreatedSuccessfullyMesajiniGoruntulemez(US03.java:146)
	at ✽.kullanici Contact Message Created Created Successfully mesajini goruntulemez(file:///C:/Users/cvlci/IdeaProjects/CucumberProjectTeam20/./src/test/resources/features/uifeature/US03_2.feature:16)
]]>
        </failure>
    </testcase>
    <testcase classname="Your Name alaninin testi" name="US03_NegativeScenario_3" time="16.61">
        <failure message="" type="java.lang.AssertionError">
            <![CDATA[Given kullanici sayfaya gider...............................................passed
When kullanici Contact butonuna tiklar......................................passed
Then kullanici Concatct sayfasina yonlendirilir.............................passed
When kullanici yourname "Cahit" alanini doldurur............................passed
When kullanici email "zariffsair@gmail.comr" alanina valid deger girer......passed
When kullanici subject "2" alanina valid deger  girer.......................passed
When kullanici Message "Kaliteli bir egitim aldim" alanina valid deger  girer.passed
When kullanici Send Message alanina tiklar..................................passed
Then kullanici Contact Message Created Created Successfully mesajini goruntulemez.failed
And sayfa kapatilir.........................................................skipped

StackTrace:
java.lang.AssertionError
	at org.junit.Assert.fail(Assert.java:87)
	at org.junit.Assert.assertTrue(Assert.java:42)
	at org.junit.Assert.assertFalse(Assert.java:65)
	at org.junit.Assert.assertFalse(Assert.java:75)
	at stepdefinitions.uidefinitions.US03.kullaniciContactMessageCreatedCreatedSuccessfullyMesajiniGoruntulemez(US03.java:146)
	at ✽.kullanici Contact Message Created Created Successfully mesajini goruntulemez(file:///C:/Users/cvlci/IdeaProjects/CucumberProjectTeam20/./src/test/resources/features/uifeature/US03_2.feature:16)
]]>
        </failure>
    </testcase>
    <testcase classname="Your Name alaninin testi" name="US03_NegativeScenario_4" time="16.46">
        <failure message="" type="java.lang.AssertionError">
            <![CDATA[Given kullanici sayfaya gider...............................................passed
When kullanici Contact butonuna tiklar......................................passed
Then kullanici Concatct sayfasina yonlendirilir.............................passed
When kullanici yourname "Cahit" alanini doldurur............................passed
When kullanici email "zaarifsair@gmail.com" alanina valid deger girer.......passed
When kullanici subject "Java" alanina valid deger  girer....................passed
When kullanici Message "a" alanina valid deger  girer.......................passed
When kullanici Send Message alanina tiklar..................................passed
Then kullanici Contact Message Created Created Successfully mesajini goruntulemez.failed
And sayfa kapatilir.........................................................skipped

StackTrace:
java.lang.AssertionError
	at org.junit.Assert.fail(Assert.java:87)
	at org.junit.Assert.assertTrue(Assert.java:42)
	at org.junit.Assert.assertFalse(Assert.java:65)
	at org.junit.Assert.assertFalse(Assert.java:75)
	at stepdefinitions.uidefinitions.US03.kullaniciContactMessageCreatedCreatedSuccessfullyMesajiniGoruntulemez(US03.java:146)
	at ✽.kullanici Contact Message Created Created Successfully mesajini goruntulemez(file:///C:/Users/cvlci/IdeaProjects/CucumberProjectTeam20/./src/test/resources/features/uifeature/US03_2.feature:16)
]]>
        </failure>
    </testcase>
    <testcase classname="Your Name alaninin testi" name="US03_NegativeScenario_5" time="16.583">
        <failure message="" type="java.lang.AssertionError">
            <![CDATA[Given kullanici sayfaya gider...............................................passed
When kullanici Contact butonuna tiklar......................................passed
Then kullanici Concatct sayfasina yonlendirilir.............................passed
When kullanici yourname "Cahit" alanini doldurur............................passed
When kullanici email "zarifssair@gmail.com" alanina valid deger girer.......passed
When kullanici subject "Java" alanina valid deger  girer....................passed
When kullanici Message "aaaaaaaaaaaaaaaaaaaaaaaaaaaaaaaaaaaaaaaaaaaaaaaaaaaaaaaaaaaaaaaaaaaaaaaaaaaaaaaa" alanina valid deger  girer.passed
When kullanici Send Message alanina tiklar..................................passed
Then kullanici Contact Message Created Created Successfully mesajini goruntulemez.failed
And sayfa kapatilir.........................................................skipped

StackTrace:
java.lang.AssertionError
	at org.junit.Assert.fail(Assert.java:87)
	at org.junit.Assert.assertTrue(Assert.java:42)
	at org.junit.Assert.assertFalse(Assert.java:65)
	at org.junit.Assert.assertFalse(Assert.java:75)
	at stepdefinitions.uidefinitions.US03.kullaniciContactMessageCreatedCreatedSuccessfullyMesajiniGoruntulemez(US03.java:146)
	at ✽.kullanici Contact Message Created Created Successfully mesajini goruntulemez(file:///C:/Users/cvlci/IdeaProjects/CucumberProjectTeam20/./src/test/resources/features/uifeature/US03_2.feature:16)
]]>
        </failure>
    </testcase>
    <testcase classname="Vice Dean olusturulurken name ve surname bos birakilmamalidir." name="TC03 Name valid degerle doldurulmalidir." time="22.401">
        <failure message="valid olmayan degerler kayit yapiliyor" type="java.lang.RuntimeException">
            <![CDATA[Given Kullanici Dean olarak login olur......................................passed
Given Kullanici Name kismina valid olmayan "." girer........................passed
When Kullanici Surname kismina valid deger girer............................passed
And Birth Place kismina valid deger girer...................................passed
And Kullanici Cinsiyet kismini secer........................................passed
And Kullanici Dogum tarihine "03061988" girer...............................passed
And Kullanici  telefon numarasina valid deger girer.........................passed
And Kullanici SSN kismina valid deger girer.................................passed
And Kullanici User Name alanina valid deger girer...........................passed
And Kullanici en az sekiz karakterden oluşan password  girer................passed
And Kullanici submit tusuna tiklarr.........................................passed
Then Kullanici name kismina valid deger girilmediginde kayit olunmadigini dogrular..failed

StackTrace:
java.lang.RuntimeException: valid olmayan degerler kayit yapiliyor
	at stepdefinitions.uidefinitions.US06_2NameSteps.kullanici_name_kismina_valid_deger_girilmediginde_kayit_olunmadigini_dogrular(US06_2NameSteps.java:98)
	at ✽.Kullanici name kismina valid deger girilmediginde kayit olunmadigini dogrular.(file:///C:/Users/cvlci/IdeaProjects/CucumberProjectTeam20/./src/test/resources/features/uifeature/US06_2f.feature:34)
]]>
        </failure>
    </testcase>
    <testcase classname="Vice Dean olusturulurken name ve surname bos birakilmamalidir." name="TC04Name  sadece tubtusuyla  doldurulmalidir." time="6.723">
        <failure message="The scenario has pending or undefined step(s)" type="java.lang.Exception">
            <![CDATA[Given Kullanici Dean olarak login olur......................................passed
Given Kullanici Name kismina valid olmayan tubtusu girer....................passed
When Kullanici Surname kismina valid deger girer............................passed
And Birth Place kismina valid deger girer...................................passed
And Kullanici Cinsiyet kismini secer........................................passed
And Kullanici Dogum tarihine "03061988" girer...............................passed
And Kullanici  telefon numarasina valid deger girer.........................passed
And Kullanici SSN kismina valid deger girer.................................passed
And Kullanici User Name alanina valid deger girer...........................passed
And Kullanici en az sekiz karakterden oluşan password  girer................passed
And Kullanici submit tusuna tiklarr.........................................passed
Then Kullanici name kismina valid deger girilmediginde kayit olunmadigi mesajini gorur.undefined
]]>
        </failure>
    </testcase>
    <testcase classname="Vice Dean olusturulurken name ve surname bos birakilmamalidir." name="TC06 Surname valid degerle doldurulmalidir." time="22.053">
        <failure message="kayit yapiliyor" type="java.lang.RuntimeException">
            <![CDATA[Given Kullanici Dean olarak login olur......................................passed
Given Kullanici  Name kismina valid deger girer.............................passed
Given Kullanici surname kismina valid olmayan  deger "#" girer..............passed
And Birth Place kismina valid deger girer...................................passed
And Kullanici Cinsiyet kismini secer........................................passed
And Kullanici Dogum tarihine "03061988" girer...............................passed
And Kullanici  telefon numarasina valid deger girer.........................passed
And Kullanici SSN kismina valid deger girer.................................passed
And Kullanici User Name alanina valid deger girer...........................passed
And Kullanici en az sekiz karakterden oluşan password  girer................passed
And Kullanici submit tusuna tiklarr.........................................passed
Then Kullanici surname kismina valid deger girilmediginde kayit olunmadigini dogrular..failed

StackTrace:
java.lang.RuntimeException: kayit yapiliyor
	at stepdefinitions.uidefinitions.US06_2NameSteps.kullanici_surname_kismina_valid_deger_girilmediginde_kayit_olunmadigini_dogrular(US06_2NameSteps.java:131)
	at ✽.Kullanici surname kismina valid deger girilmediginde kayit olunmadigini dogrular.(file:///C:/Users/cvlci/IdeaProjects/CucumberProjectTeam20/./src/test/resources/features/uifeature/US06_2f.feature:79)
]]>
        </failure>
    </testcase>
    <testcase classname="Vice Dean olusturulurken name ve surname bos birakilmamalidir." name="TC07 Surname tub tusunu deger olarak kabul etmemelidir." time="22.16">
        <failure message="kayit yapiliyor" type="java.lang.RuntimeException">
            <![CDATA[Given Kullanici Dean olarak login olur......................................passed
Given Kullanici  Name kismina valid deger girer.............................passed
When Kullanici surname kismina valid olmayan tubtusu girer..................passed
And Birth Place kismina valid deger girer...................................passed
And Kullanici Cinsiyet kismini secer........................................passed
And Kullanici Dogum tarihine "03061988" girer...............................passed
And Kullanici  telefon numarasina valid deger girer.........................passed
And Kullanici SSN kismina valid deger girer.................................passed
And Kullanici User Name alanina valid deger girer...........................passed
And Kullanici en az sekiz karakterden oluşan password  girer................passed
And Kullanici submit tusuna tiklarr.........................................passed
Then Kullanici surname kismina valid deger girilmediginde kayit olunmadigini dogrular..failed

StackTrace:
java.lang.RuntimeException: kayit yapiliyor
	at stepdefinitions.uidefinitions.US06_2NameSteps.kullanici_surname_kismina_valid_deger_girilmediginde_kayit_olunmadigini_dogrular(US06_2NameSteps.java:131)
	at ✽.Kullanici surname kismina valid deger girilmediginde kayit olunmadigini dogrular.(file:///C:/Users/cvlci/IdeaProjects/CucumberProjectTeam20/./src/test/resources/features/uifeature/US06_2f.feature:94)
]]>
        </failure>
    </testcase>
    <testcase classname="Vice Dean olusturulurken birth place birt date,cinsiyet ve phone bos birakilmamali ve uygun doldurulmalidir." name="TC08 Birt place kismina valid deger girilmelidir" time="7.072">
        <system-out>
            <![CDATA[Given Kullanici Dean olarak login olur......................................passed
Given Kullanici  Name kismina valid deger girer.............................passed
When Kullanici Surname kismina valid deger girer............................passed
When Kullanici birtplace alanina valid olmayan "@" dger girer...............passed
And Kullanici Cinsiyet kismini secer........................................passed
And Kullanici Dogum tarihine "03061988" girer...............................passed
And Kullanici  telefon numarasina valid deger girer.........................passed
And Kullanici SSN kismina valid deger girer.................................passed
And Kullanici User Name alanina valid deger girer...........................passed
And Kullanici en az sekiz karakterden oluşan password  girer................passed
And Kullanici submit tusuna tiklarr.........................................passed
Then Kullanici birtplace kismina valid deger girilmediginde kayit olunamadigini dogrular.passed
Then close driver...........................................................passed
]]>
        </system-out>
    </testcase>
    <testcase classname="Vice Dean olusturulurken birth place birt date,cinsiyet ve phone bos birakilmamali ve uygun doldurulmalidir." name="TC12 Dogum tarihi onceki yuzyillardan secilemez" time="9.113">
        <failure message="" type="java.lang.AssertionError">
            <![CDATA[Given Kullanici Dean olarak login olur......................................passed
Given Kullanici  Name kismina valid deger girer.............................passed
When Kullanici Surname kismina valid deger girer............................passed
And Birth Place kismina valid deger girer...................................passed
And Kullanici Cinsiyet kismini secer........................................passed
And Kullanici Dogum tarihine "03061200" girer...............................passed
And Kullanici  telefon numarasina valid deger girer.........................passed
And Kullanici SSN kismina valid deger girer.................................passed
And Kullanici User Name alanina valid deger girer...........................passed
And Kullanici en az sekiz karakterden oluşan password  girer................passed
And Kullanici submit tusuna tiklarr.........................................passed
Then Kullanici invalid tarih uyarisi alir...................................failed
Then close driver...........................................................skipped

StackTrace:
java.lang.AssertionError
	at stepdefinitions.uidefinitions.US06_3Steps.kullanici_invalid_tarih_uyarisi_alir(US06_3Steps.java:127)
	at ✽.Kullanici invalid tarih uyarisi alir(file:///C:/Users/cvlci/IdeaProjects/CucumberProjectTeam20/./src/test/resources/features/uifeature/US06_3f.feature:72)
]]>
        </failure>
    </testcase>
    <testcase classname="Unknown" name="TC11"/>
</testsuite>
